[12:05:42] [main/INFO]: Environment: authHost='https://authserver.mojang.com', accountsHost='https://api.mojang.com', sessionHost='https://sessionserver.mojang.com', servicesHost='https://api.minecraftservices.com', name='PROD'
[12:05:43] [main/WARN]: Ambiguity between arguments [teleport, destination] and [teleport, targets] with inputs: [Player, 0123, @e, dd12be42-52a9-4a91-a8a1-11c01849e498]
[12:05:43] [main/WARN]: Ambiguity between arguments [teleport, location] and [teleport, destination] with inputs: [0.1 -0.5 .9, 0 0 0]
[12:05:43] [main/WARN]: Ambiguity between arguments [teleport, location] and [teleport, targets] with inputs: [0.1 -0.5 .9, 0 0 0]
[12:05:43] [main/WARN]: Ambiguity between arguments [teleport, targets] and [teleport, destination] with inputs: [Player, 0123, dd12be42-52a9-4a91-a8a1-11c01849e498]
[12:05:43] [main/WARN]: Ambiguity between arguments [teleport, targets, location] and [teleport, targets, destination] with inputs: [0.1 -0.5 .9, 0 0 0]
[12:05:43] [main/INFO]: Reloading ResourceManager: Default
[12:05:44] [Worker-Main-12/INFO]: Loaded 7 recipes
[12:05:44] [Worker-Main-12/INFO]: Loaded 927 advancements
[12:05:45] [Server thread/INFO]: Starting minecraft server version 1.16.4
[12:05:45] [Server thread/INFO]: Loading properties
[12:05:45] [Server thread/INFO]: Default game type: CREATIVE
[12:05:45] [Server thread/INFO]: Generating keypair
[12:05:46] [Server thread/INFO]: Starting Minecraft server on *:25565
[12:05:46] [Server thread/INFO]: Using default channel type
[12:05:46] [Server thread/INFO]: Preparing level "BUKGrenland"
[12:05:46] [Server thread/INFO]: Preparing start region for dimension minecraft:overworld
[12:05:47] [Server thread/INFO]: Preparing spawn area: 0%
[12:05:47] [Server thread/INFO]: Preparing spawn area: 0%
[12:05:47] [Server thread/INFO]: Preparing spawn area: 0%
[12:05:47] [Server thread/INFO]: Preparing spawn area: 0%
[12:05:48] [Server thread/INFO]: Time elapsed: 1875 ms
[12:05:48] [Server thread/INFO]: Done (1.986s)! For help, type "help"
[12:05:51] [User Authenticator #1/INFO]: UUID of player MegaBoffel is f9e81301-2e3f-4bfb-a9f0-f3393543535a
[12:05:51] [Server thread/INFO]: MegaBoffel[/88.90.16.8:58093] logged in with entity id 45 at (-2616.699999988079, 90.24313553468023, 907.3704581563813)
[12:05:52] [Server thread/INFO]: <ADMIN>MegaBoffel joined the game
[12:11:26] [Server thread/INFO]: MegaBoffel lost connection: Disconnected
[12:11:26] [Server thread/INFO]: <ADMIN>MegaBoffel left the game
[12:11:33] [User Authenticator #2/INFO]: UUID of player MegaBoffel is f9e81301-2e3f-4bfb-a9f0-f3393543535a
[12:11:34] [Server thread/INFO]: MegaBoffel[/88.90.16.8:58181] logged in with entity id 67 at (-2593.9070048351205, 90.24313553468023, 912.0288216548706)
[12:11:34] [Server thread/INFO]: <ADMIN>MegaBoffel joined the game
[12:12:28] [Server thread/INFO]: MegaBoffel lost connection: Disconnected
[12:12:28] [Server thread/INFO]: <ADMIN>MegaBoffel left the game
